/opt/miniconda3/envs/minds/lib/python3.8/site-packages/jupyter_server_mathjax/app.py:40: FutureWarning: The alias `_()` will be deprecated. Use `_i18n()` instead.
  help=_("""The MathJax.js configuration file that is to be used."""),
[I 2021-11-09 19:18:56.495 ServerApp] jupyter_server_mathjax | extension was successfully linked.
[I 2021-11-09 19:18:56.503 ServerApp] jupyterlab | extension was successfully linked.
[I 2021-11-09 19:18:56.639 ServerApp] jupyter_nbextensions_configurator | extension was found and enabled by nbclassic. Consider moving the extension to Jupyter Server's extension paths.
[I 2021-11-09 19:18:56.639 ServerApp] jupyter_nbextensions_configurator | extension was successfully linked.
[I 2021-11-09 19:18:56.639 ServerApp] nbclassic | extension was successfully linked.
[I 2021-11-09 19:18:56.639 ServerApp] nbdime | extension was successfully linked.
[I 2021-11-09 19:18:56.673 ServerApp] nbclassic | extension was successfully loaded.
[I 2021-11-09 19:18:56.673 ServerApp] [jupyter_nbextensions_configurator] enabled 0.4.1
[I 2021-11-09 19:18:56.674 ServerApp] jupyter_nbextensions_configurator | extension was successfully loaded.
[I 2021-11-09 19:18:56.674 ServerApp] jupyter_server_mathjax | extension was successfully loaded.
[I 2021-11-09 19:18:56.675 LabApp] JupyterLab extension loaded from /opt/miniconda3/envs/minds/lib/python3.8/site-packages/jupyterlab
[I 2021-11-09 19:18:56.675 LabApp] JupyterLab application directory is /home/hiraki/.local/share/jupyter/lab
[I 2021-11-09 19:18:56.677 ServerApp] jupyterlab | extension was successfully loaded.
[I 2021-11-09 19:18:56.747 ServerApp] nbdime | extension was successfully loaded.
[I 2021-11-09 19:18:56.747 ServerApp] Serving notebooks from local directory: /home/hiraki/source/IntroAI/Project01
[I 2021-11-09 19:18:56.747 ServerApp] Jupyter Server 1.11.1 is running at:
[I 2021-11-09 19:18:56.747 ServerApp] http://localhost:8888/lab?token=fe1b13f01c04fa4b15007a212957a6ccc0ca7123381e8b31
[I 2021-11-09 19:18:56.747 ServerApp]  or http://127.0.0.1:8888/lab?token=fe1b13f01c04fa4b15007a212957a6ccc0ca7123381e8b31
[I 2021-11-09 19:18:56.747 ServerApp] Use Control-C to stop this server and shut down all kernels (twice to skip confirmation).
[C 2021-11-09 19:18:56.780 ServerApp] 
    
    To access the server, open this file in a browser:
        file:///home/hiraki/.local/share/jupyter/runtime/jpserver-86209-open.html
    Or copy and paste one of these URLs:
        http://localhost:8888/lab?token=fe1b13f01c04fa4b15007a212957a6ccc0ca7123381e8b31
     or http://127.0.0.1:8888/lab?token=fe1b13f01c04fa4b15007a212957a6ccc0ca7123381e8b31
Opening in existing browser session.
[86383:86383:0100/000000.045624:ERROR:sandbox_linux.cc(374)] InitializeSandbox() called with multiple threads in process gpu-process.
[I 2021-11-09 19:19:00.253 LabApp] Build is up to date
[W 2021-11-09 19:19:00.270 ServerApp] Config option `template_path` not recognized by `ExporterCollapsibleHeadings`.  Did you mean one of: `extra_template_paths, template_name, template_paths`?
[W 2021-11-09 19:19:00.279 ServerApp] Config option `template_path` not recognized by `ExporterCollapsibleHeadings`.  Did you mean one of: `extra_template_paths, template_name, template_paths`?
[W 2021-11-09 19:19:00.298 ServerApp] Config option `template_path` not recognized by `ExporterCollapsibleHeadings`.  Did you mean one of: `extra_template_paths, template_name, template_paths`?
[W 2021-11-09 19:19:00.307 ServerApp] Config option `template_path` not recognized by `ExporterCollapsibleHeadings`.  Did you mean one of: `extra_template_paths, template_name, template_paths`?
[W 2021-11-09 19:19:00.354 ServerApp] Config option `template_path` not recognized by `TocExporter`.  Did you mean one of: `extra_template_paths, template_name, template_paths`?
[W 2021-11-09 19:19:00.360 ServerApp] Config option `template_path` not recognized by `TocExporter`.  Did you mean one of: `extra_template_paths, template_name, template_paths`?
[W 2021-11-09 19:19:00.366 ServerApp] Config option `template_path` not recognized by `TocExporter`.  Did you mean one of: `extra_template_paths, template_name, template_paths`?
[W 2021-11-09 19:19:00.371 ServerApp] Config option `template_path` not recognized by `TocExporter`.  Did you mean one of: `extra_template_paths, template_name, template_paths`?
[W 2021-11-09 19:19:00.383 ServerApp] Config option `template_path` not recognized by `LenvsHTMLExporter`.  Did you mean one of: `extra_template_paths, template_name, template_paths`?
[W 2021-11-09 19:19:00.395 ServerApp] Config option `template_path` not recognized by `LenvsHTMLExporter`.  Did you mean one of: `extra_template_paths, template_name, template_paths`?
[W 2021-11-09 19:19:00.408 ServerApp] Config option `template_path` not recognized by `LenvsHTMLExporter`.  Did you mean one of: `extra_template_paths, template_name, template_paths`?
[W 2021-11-09 19:19:00.423 ServerApp] Config option `template_path` not recognized by `LenvsHTMLExporter`.  Did you mean one of: `extra_template_paths, template_name, template_paths`?
[W 2021-11-09 19:19:00.447 ServerApp] Config option `template_path` not recognized by `LenvsTocHTMLExporter`.  Did you mean one of: `extra_template_paths, template_name, template_paths`?
[W 2021-11-09 19:19:00.455 ServerApp] Config option `template_path` not recognized by `LenvsTocHTMLExporter`.  Did you mean one of: `extra_template_paths, template_name, template_paths`?
[W 2021-11-09 19:19:00.466 ServerApp] Config option `template_path` not recognized by `LenvsTocHTMLExporter`.  Did you mean one of: `extra_template_paths, template_name, template_paths`?
[W 2021-11-09 19:19:00.473 ServerApp] Config option `template_path` not recognized by `LenvsTocHTMLExporter`.  Did you mean one of: `extra_template_paths, template_name, template_paths`?
[W 2021-11-09 19:19:00.516 ServerApp] Config option `template_path` not recognized by `LenvsLatexExporter`.  Did you mean one of: `extra_template_paths, template_name, template_paths`?
[W 2021-11-09 19:19:00.520 ServerApp] Config option `template_path` not recognized by `LenvsLatexExporter`.  Did you mean one of: `extra_template_paths, template_name, template_paths`?
[W 2021-11-09 19:19:00.531 ServerApp] Config option `template_path` not recognized by `LenvsLatexExporter`.  Did you mean one of: `extra_template_paths, template_name, template_paths`?
[W 2021-11-09 19:19:00.536 ServerApp] Config option `template_path` not recognized by `LenvsLatexExporter`.  Did you mean one of: `extra_template_paths, template_name, template_paths`?
[W 2021-11-09 19:19:00.757 ServerApp] Config option `template_path` not recognized by `LenvsSlidesExporter`.  Did you mean one of: `extra_template_paths, template_name, template_paths`?
[W 2021-11-09 19:19:00.769 ServerApp] Config option `template_path` not recognized by `LenvsSlidesExporter`.  Did you mean one of: `extra_template_paths, template_name, template_paths`?
[W 2021-11-09 19:19:00.776 ServerApp] Config option `template_path` not recognized by `LenvsSlidesExporter`.  Did you mean one of: `extra_template_paths, template_name, template_paths`?
[W 2021-11-09 19:19:00.788 ServerApp] Config option `template_path` not recognized by `LenvsSlidesExporter`.  Did you mean one of: `extra_template_paths, template_name, template_paths`?
[W 2021-11-09 19:19:00.923 ServerApp] Config option `template_path` not recognized by `ExporterCollapsibleHeadings`.  Did you mean one of: `extra_template_paths, template_name, template_paths`?
[W 2021-11-09 19:19:00.934 ServerApp] Config option `template_path` not recognized by `ExporterCollapsibleHeadings`.  Did you mean one of: `extra_template_paths, template_name, template_paths`?
[W 2021-11-09 19:19:00.963 ServerApp] Config option `template_path` not recognized by `TocExporter`.  Did you mean one of: `extra_template_paths, template_name, template_paths`?
[W 2021-11-09 19:19:00.972 ServerApp] Config option `template_path` not recognized by `TocExporter`.  Did you mean one of: `extra_template_paths, template_name, template_paths`?
[W 2021-11-09 19:19:00.980 ServerApp] Config option `template_path` not recognized by `LenvsHTMLExporter`.  Did you mean one of: `extra_template_paths, template_name, template_paths`?
[W 2021-11-09 19:19:00.991 ServerApp] Config option `template_path` not recognized by `LenvsHTMLExporter`.  Did you mean one of: `extra_template_paths, template_name, template_paths`?
[W 2021-11-09 19:19:01.002 ServerApp] Config option `template_path` not recognized by `LenvsTocHTMLExporter`.  Did you mean one of: `extra_template_paths, template_name, template_paths`?
[W 2021-11-09 19:19:01.013 ServerApp] Config option `template_path` not recognized by `LenvsTocHTMLExporter`.  Did you mean one of: `extra_template_paths, template_name, template_paths`?
[W 2021-11-09 19:19:01.040 ServerApp] Config option `template_path` not recognized by `LenvsLatexExporter`.  Did you mean one of: `extra_template_paths, template_name, template_paths`?
[W 2021-11-09 19:19:01.049 ServerApp] Config option `template_path` not recognized by `LenvsLatexExporter`.  Did you mean one of: `extra_template_paths, template_name, template_paths`?
[W 2021-11-09 19:19:01.179 ServerApp] Config option `template_path` not recognized by `LenvsSlidesExporter`.  Did you mean one of: `extra_template_paths, template_name, template_paths`?
[W 2021-11-09 19:19:01.188 ServerApp] Config option `template_path` not recognized by `LenvsSlidesExporter`.  Did you mean one of: `extra_template_paths, template_name, template_paths`?
[C 2021-11-09 19:19:12.552 ServerApp] received signal 15, stopping
[I 2021-11-09 19:19:12.552 ServerApp] Shutting down 5 extensions
[I 2021-11-09 19:19:12.553 ServerApp] Shutting down 0 kernels
[I 2021-11-09 19:19:12.553 ServerApp] Shutting down 0 terminals
/opt/miniconda3/envs/minds/lib/python3.8/site-packages/jupyter_server_mathjax/app.py:40: FutureWarning: The alias `_()` will be deprecated. Use `_i18n()` instead.
  help=_("""The MathJax.js configuration file that is to be used."""),
[I 2021-11-09 19:19:17.261 ServerApp] jupyter_server_mathjax | extension was successfully linked.
[I 2021-11-09 19:19:17.269 ServerApp] jupyterlab | extension was successfully linked.
[I 2021-11-09 19:19:17.409 ServerApp] jupyter_nbextensions_configurator | extension was found and enabled by nbclassic. Consider moving the extension to Jupyter Server's extension paths.
[I 2021-11-09 19:19:17.410 ServerApp] jupyter_nbextensions_configurator | extension was successfully linked.
[I 2021-11-09 19:19:17.410 ServerApp] nbclassic | extension was successfully linked.
[I 2021-11-09 19:19:17.410 ServerApp] nbdime | extension was successfully linked.
[I 2021-11-09 19:19:17.444 ServerApp] nbclassic | extension was successfully loaded.
[I 2021-11-09 19:19:17.444 ServerApp] [jupyter_nbextensions_configurator] enabled 0.4.1
[I 2021-11-09 19:19:17.444 ServerApp] jupyter_nbextensions_configurator | extension was successfully loaded.
[I 2021-11-09 19:19:17.445 ServerApp] jupyter_server_mathjax | extension was successfully loaded.
[I 2021-11-09 19:19:17.445 LabApp] JupyterLab extension loaded from /opt/miniconda3/envs/minds/lib/python3.8/site-packages/jupyterlab
[I 2021-11-09 19:19:17.446 LabApp] JupyterLab application directory is /home/hiraki/.local/share/jupyter/lab
[I 2021-11-09 19:19:17.448 ServerApp] jupyterlab | extension was successfully loaded.
[I 2021-11-09 19:19:17.522 ServerApp] nbdime | extension was successfully loaded.
[I 2021-11-09 19:19:17.523 ServerApp] Serving notebooks from local directory: /home/hiraki/source/IntroAI/Project01
[I 2021-11-09 19:19:17.523 ServerApp] Jupyter Server 1.11.1 is running at:
[I 2021-11-09 19:19:17.523 ServerApp] http://localhost:8888/lab?token=d164d6ae64b256f7a5904488aadee55b94e173053d98eef9
[I 2021-11-09 19:19:17.523 ServerApp]  or http://127.0.0.1:8888/lab?token=d164d6ae64b256f7a5904488aadee55b94e173053d98eef9
[I 2021-11-09 19:19:17.523 ServerApp] Use Control-C to stop this server and shut down all kernels (twice to skip confirmation).
[C 2021-11-09 19:19:17.560 ServerApp] 
    
    To access the server, open this file in a browser:
        file:///home/hiraki/.local/share/jupyter/runtime/jpserver-86581-open.html
    Or copy and paste one of these URLs:
        http://localhost:8888/lab?token=d164d6ae64b256f7a5904488aadee55b94e173053d98eef9
     or http://127.0.0.1:8888/lab?token=d164d6ae64b256f7a5904488aadee55b94e173053d98eef9
Opening in existing browser session.
[86754:86754:0100/000000.800786:ERROR:sandbox_linux.cc(374)] InitializeSandbox() called with multiple threads in process gpu-process.
[W 2021-11-09 19:19:21.777 ServerApp] Config option `template_path` not recognized by `ExporterCollapsibleHeadings`.  Did you mean one of: `extra_template_paths, template_name, template_paths`?
[W 2021-11-09 19:19:21.786 ServerApp] Config option `template_path` not recognized by `ExporterCollapsibleHeadings`.  Did you mean one of: `extra_template_paths, template_name, template_paths`?
[W 2021-11-09 19:19:21.791 ServerApp] Config option `template_path` not recognized by `ExporterCollapsibleHeadings`.  Did you mean one of: `extra_template_paths, template_name, template_paths`?
[W 2021-11-09 19:19:21.799 ServerApp] Config option `template_path` not recognized by `ExporterCollapsibleHeadings`.  Did you mean one of: `extra_template_paths, template_name, template_paths`?
[I 2021-11-09 19:19:21.835 LabApp] Build is up to date
[W 2021-11-09 19:19:21.848 ServerApp] Config option `template_path` not recognized by `TocExporter`.  Did you mean one of: `extra_template_paths, template_name, template_paths`?
[W 2021-11-09 19:19:21.854 ServerApp] Config option `template_path` not recognized by `TocExporter`.  Did you mean one of: `extra_template_paths, template_name, template_paths`?
[W 2021-11-09 19:19:21.859 ServerApp] Config option `template_path` not recognized by `TocExporter`.  Did you mean one of: `extra_template_paths, template_name, template_paths`?
[W 2021-11-09 19:19:21.864 ServerApp] Config option `template_path` not recognized by `TocExporter`.  Did you mean one of: `extra_template_paths, template_name, template_paths`?
[W 2021-11-09 19:19:21.876 ServerApp] Config option `template_path` not recognized by `LenvsHTMLExporter`.  Did you mean one of: `extra_template_paths, template_name, template_paths`?
[W 2021-11-09 19:19:21.883 ServerApp] Config option `template_path` not recognized by `LenvsHTMLExporter`.  Did you mean one of: `extra_template_paths, template_name, template_paths`?
[W 2021-11-09 19:19:21.895 ServerApp] Config option `template_path` not recognized by `LenvsHTMLExporter`.  Did you mean one of: `extra_template_paths, template_name, template_paths`?
[W 2021-11-09 19:19:21.902 ServerApp] Config option `template_path` not recognized by `LenvsHTMLExporter`.  Did you mean one of: `extra_template_paths, template_name, template_paths`?
[W 2021-11-09 19:19:21.914 ServerApp] Config option `template_path` not recognized by `LenvsTocHTMLExporter`.  Did you mean one of: `extra_template_paths, template_name, template_paths`?
[W 2021-11-09 19:19:21.921 ServerApp] Config option `template_path` not recognized by `LenvsTocHTMLExporter`.  Did you mean one of: `extra_template_paths, template_name, template_paths`?
[W 2021-11-09 19:19:21.933 ServerApp] Config option `template_path` not recognized by `LenvsTocHTMLExporter`.  Did you mean one of: `extra_template_paths, template_name, template_paths`?
[W 2021-11-09 19:19:21.940 ServerApp] Config option `template_path` not recognized by `LenvsTocHTMLExporter`.  Did you mean one of: `extra_template_paths, template_name, template_paths`?
[W 2021-11-09 19:19:21.977 ServerApp] Config option `template_path` not recognized by `LenvsLatexExporter`.  Did you mean one of: `extra_template_paths, template_name, template_paths`?
[W 2021-11-09 19:19:21.981 ServerApp] Config option `template_path` not recognized by `LenvsLatexExporter`.  Did you mean one of: `extra_template_paths, template_name, template_paths`?
[W 2021-11-09 19:19:21.991 ServerApp] Config option `template_path` not recognized by `LenvsLatexExporter`.  Did you mean one of: `extra_template_paths, template_name, template_paths`?
[W 2021-11-09 19:19:21.995 ServerApp] Config option `template_path` not recognized by `LenvsLatexExporter`.  Did you mean one of: `extra_template_paths, template_name, template_paths`?
[W 2021-11-09 19:19:22.204 ServerApp] Config option `template_path` not recognized by `LenvsSlidesExporter`.  Did you mean one of: `extra_template_paths, template_name, template_paths`?
[W 2021-11-09 19:19:22.208 ServerApp] Config option `template_path` not recognized by `LenvsSlidesExporter`.  Did you mean one of: `extra_template_paths, template_name, template_paths`?
[W 2021-11-09 19:19:22.219 ServerApp] Config option `template_path` not recognized by `LenvsSlidesExporter`.  Did you mean one of: `extra_template_paths, template_name, template_paths`?
[W 2021-11-09 19:19:22.225 ServerApp] Config option `template_path` not recognized by `LenvsSlidesExporter`.  Did you mean one of: `extra_template_paths, template_name, template_paths`?
[W 2021-11-09 19:19:22.345 ServerApp] Config option `template_path` not recognized by `ExporterCollapsibleHeadings`.  Did you mean one of: `extra_template_paths, template_name, template_paths`?
[W 2021-11-09 19:19:22.355 ServerApp] Config option `template_path` not recognized by `ExporterCollapsibleHeadings`.  Did you mean one of: `extra_template_paths, template_name, template_paths`?
[W 2021-11-09 19:19:22.381 ServerApp] Config option `template_path` not recognized by `TocExporter`.  Did you mean one of: `extra_template_paths, template_name, template_paths`?
[W 2021-11-09 19:19:22.390 ServerApp] Config option `template_path` not recognized by `TocExporter`.  Did you mean one of: `extra_template_paths, template_name, template_paths`?
[W 2021-11-09 19:19:22.398 ServerApp] Config option `template_path` not recognized by `LenvsHTMLExporter`.  Did you mean one of: `extra_template_paths, template_name, template_paths`?
[W 2021-11-09 19:19:22.409 ServerApp] Config option `template_path` not recognized by `LenvsHTMLExporter`.  Did you mean one of: `extra_template_paths, template_name, template_paths`?
[W 2021-11-09 19:19:22.420 ServerApp] Config option `template_path` not recognized by `LenvsTocHTMLExporter`.  Did you mean one of: `extra_template_paths, template_name, template_paths`?
[W 2021-11-09 19:19:22.431 ServerApp] Config option `template_path` not recognized by `LenvsTocHTMLExporter`.  Did you mean one of: `extra_template_paths, template_name, template_paths`?
[W 2021-11-09 19:19:22.459 ServerApp] Config option `template_path` not recognized by `LenvsLatexExporter`.  Did you mean one of: `extra_template_paths, template_name, template_paths`?
[W 2021-11-09 19:19:22.467 ServerApp] Config option `template_path` not recognized by `LenvsLatexExporter`.  Did you mean one of: `extra_template_paths, template_name, template_paths`?
[W 2021-11-09 19:19:22.606 ServerApp] Config option `template_path` not recognized by `LenvsSlidesExporter`.  Did you mean one of: `extra_template_paths, template_name, template_paths`?
[W 2021-11-09 19:19:22.615 ServerApp] Config option `template_path` not recognized by `LenvsSlidesExporter`.  Did you mean one of: `extra_template_paths, template_name, template_paths`?
[I 2021-11-09 19:19:29.376 ServerApp] Kernel started: 12118aec-41da-4aa5-b47b-5b1ba5530f4d
[W 2021-11-09 19:19:32.920 ServerApp] Got events for closed stream <zmq.eventloop.zmqstream.ZMQStream object at 0x7f813e33cac0>
[I 2021-11-09 19:19:58.593 ServerApp] Creating new notebook in /report/report-src
[I 2021-11-09 19:19:58.961 ServerApp] Kernel started: 58417303-4e01-45a2-9d4e-daf45135d90d
[I 2021-11-09 19:20:29.032 ServerApp] Saving file at /report/report-src/makefile
[I 2021-11-09 19:20:31.591 ServerApp] Saving file at /report/report-src/report1.ipynb
[I 2021-11-09 19:20:35.312 ServerApp] Saving file at /report/report-src/report-blindsearch.ipynb
[I 2021-11-09 19:22:35.390 ServerApp] Saving file at /report/report-src/report-blindsearch.ipynb
[I 2021-11-09 19:23:38.185 ServerApp] Creating new notebook in /report/report-src
[I 2021-11-09 19:23:38.577 ServerApp] Kernel started: ed131156-8d0c-4856-a307-d1b90b50610d
[I 2021-11-09 19:24:35.482 ServerApp] Saving file at /report/report-src/report-blindsearch.ipynb
[I 2021-11-09 19:25:09.653 ServerApp] Saving file at /report/report-src/Untitled.ipynb
[I 2021-11-09 19:25:22.614 ServerApp] Saving file at /report/report-src/makefile
[I 2021-11-09 19:25:37.033 ServerApp] Starting buffering for ed131156-8d0c-4856-a307-d1b90b50610d:90c69e89-3965-41c5-b40c-a129b925a950
[I 2021-11-09 19:25:38.389 ServerApp] Starting buffering for 58417303-4e01-45a2-9d4e-daf45135d90d:8d23460f-6ec1-43c5-9713-26b567a513a4
[I 2021-11-09 19:26:01.462 ServerApp] Saving file at /report/report-src/makefile
[I 2021-11-09 19:40:23.227 ServerApp] Creating new directory in 
[I 2021-11-09 19:40:38.524 ServerApp] Saving file at /report/report-src/report-nobonus.ipynb
[I 2021-11-09 19:40:47.792 ServerApp] Creating new directory in /report/report-src
[W 2021-11-09 19:40:57.444 ServerApp] delete /report/report-src/testcases.txt
[I 2021-11-09 19:41:00.496 ServerApp] Creating new directory in 
[I 2021-11-09 19:41:23.842 ServerApp] Kernel started: 4f313d19-6809-4335-ac96-b40a4bcfa2a4
[I 2021-11-09 19:41:29.930 ServerApp] Creating new file in /source
[I 2021-11-09 19:42:01.743 ServerApp] Saving file at /source/searching_algorithms.py
[I 2021-11-09 19:42:10.615 ServerApp] Saving file at /source/searching_algorithms.py
[I 2021-11-09 19:42:16.318 ServerApp] Saving file at /source/DFS.ipynb
[I 2021-11-09 19:42:16.680 ServerApp] Starting buffering for 4f313d19-6809-4335-ac96-b40a4bcfa2a4:cdc1d8d8-66a8-4a04-ae2e-c00a664484ad
[I 2021-11-09 19:42:21.506 ServerApp] Kernel shutdown: 4f313d19-6809-4335-ac96-b40a4bcfa2a4
[W 2021-11-09 19:42:21.735 ServerApp] delete /source/DFS.ipynb
[I 2021-11-09 19:42:23.301 ServerApp] Kernel started: aab03a3c-5c26-4526-bb24-fd792ae04810
[I 2021-11-09 19:42:27.139 ServerApp] Saving file at /source/GBFS.ipynb
[I 2021-11-09 19:42:31.195 ServerApp] Saving file at /source/searching_algorithms.py
[I 2021-11-09 19:42:36.868 ServerApp] Starting buffering for aab03a3c-5c26-4526-bb24-fd792ae04810:ad48ae77-1717-41a3-b004-b218988973c7
[I 2021-11-09 19:42:53.342 ServerApp] Kernel restarted: 58417303-4e01-45a2-9d4e-daf45135d90d
[I 2021-11-09 19:42:53.561 ServerApp] Starting buffering for 58417303-4e01-45a2-9d4e-daf45135d90d:86a39af4-488c-4149-b6f6-475b358d6f37
[I 2021-11-09 19:42:53.567 ServerApp] Restoring connection for 58417303-4e01-45a2-9d4e-daf45135d90d:86a39af4-488c-4149-b6f6-475b358d6f37
[I 2021-11-09 19:42:56.565 ServerApp] Kernel restarted: 58417303-4e01-45a2-9d4e-daf45135d90d
[I 2021-11-09 19:42:56.785 ServerApp] Starting buffering for 58417303-4e01-45a2-9d4e-daf45135d90d:86a39af4-488c-4149-b6f6-475b358d6f37
[I 2021-11-09 19:42:56.790 ServerApp] Restoring connection for 58417303-4e01-45a2-9d4e-daf45135d90d:86a39af4-488c-4149-b6f6-475b358d6f37
[W 2021-11-09 19:44:15.463 ServerApp] delete /source/README.md
[I 2021-11-09 19:44:31.778 ServerApp] Kernel restarted: 58417303-4e01-45a2-9d4e-daf45135d90d
[I 2021-11-09 19:44:31.994 ServerApp] Starting buffering for 58417303-4e01-45a2-9d4e-daf45135d90d:86a39af4-488c-4149-b6f6-475b358d6f37
[I 2021-11-09 19:44:31.998 ServerApp] Restoring connection for 58417303-4e01-45a2-9d4e-daf45135d90d:86a39af4-488c-4149-b6f6-475b358d6f37
[I 2021-11-09 19:44:38.612 ServerApp] Saving file at /report/report-src/report-nobonus.ipynb
[I 2021-11-09 19:45:07.778 ServerApp] Kernel restarted: 58417303-4e01-45a2-9d4e-daf45135d90d
[I 2021-11-09 19:45:07.994 ServerApp] Starting buffering for 58417303-4e01-45a2-9d4e-daf45135d90d:86a39af4-488c-4149-b6f6-475b358d6f37
[I 2021-11-09 19:45:07.998 ServerApp] Restoring connection for 58417303-4e01-45a2-9d4e-daf45135d90d:86a39af4-488c-4149-b6f6-475b358d6f37
[I 2021-11-09 19:46:03.595 ServerApp] Creating new file in /source/testcases
[I 2021-11-09 19:46:38.712 ServerApp] Saving file at /report/report-src/report-nobonus.ipynb
[I 2021-11-09 19:47:41.531 ServerApp] Saving file at /source/testcases/nobonus1.txt
[I 2021-11-09 19:47:48.183 ServerApp] Saving file at /source/testcases/nobonus1.txt
[I 2021-11-09 19:48:38.799 ServerApp] Saving file at /report/report-src/report-nobonus.ipynb
[I 2021-11-09 19:50:24.958 ServerApp] Saving file at /report/report-src/report-nobonus.ipynb
[I 2021-11-09 19:50:44.443 ServerApp] Saving file at /report/report-src/report-nobonus.ipynb
[I 2021-11-09 19:50:54.001 ServerApp] Saving file at /source/searching_algorithms.py
[I 2021-11-09 19:52:05.843 ServerApp] Kernel restarted: 58417303-4e01-45a2-9d4e-daf45135d90d
[I 2021-11-09 19:52:06.264 ServerApp] Starting buffering for 58417303-4e01-45a2-9d4e-daf45135d90d:86a39af4-488c-4149-b6f6-475b358d6f37
[I 2021-11-09 19:52:06.273 ServerApp] Restoring connection for 58417303-4e01-45a2-9d4e-daf45135d90d:86a39af4-488c-4149-b6f6-475b358d6f37
[I 2021-11-09 19:52:44.553 ServerApp] Saving file at /report/report-src/report-nobonus.ipynb
[I 2021-11-09 19:54:44.684 ServerApp] Saving file at /report/report-src/report-nobonus.ipynb
[I 2021-11-09 19:55:24.329 ServerApp] Saving file at /source/searching_algorithms.py
[I 2021-11-09 19:55:31.906 ServerApp] Kernel restarted: 58417303-4e01-45a2-9d4e-daf45135d90d
[I 2021-11-09 19:55:32.227 ServerApp] Starting buffering for 58417303-4e01-45a2-9d4e-daf45135d90d:86a39af4-488c-4149-b6f6-475b358d6f37
[I 2021-11-09 19:55:32.233 ServerApp] Restoring connection for 58417303-4e01-45a2-9d4e-daf45135d90d:86a39af4-488c-4149-b6f6-475b358d6f37
[I 2021-11-09 19:56:45.519 ServerApp] Saving file at /report/report-src/report-nobonus.ipynb
[I 2021-11-09 20:01:03.847 ServerApp] Saving file at /source/testcases/nobonus1.txt
[I 2021-11-09 20:01:04.639 ServerApp] Saving file at /source/testcases/nobonus1.txt
[I 2021-11-09 20:01:04.770 ServerApp] Saving file at /source/testcases/nobonus1.txt
[I 2021-11-09 20:01:04.958 ServerApp] Saving file at /source/testcases/nobonus1.txt
[I 2021-11-09 20:01:05.127 ServerApp] Saving file at /source/testcases/nobonus1.txt
[I 2021-11-09 20:01:05.313 ServerApp] Saving file at /source/testcases/nobonus1.txt
[I 2021-11-09 20:01:05.495 ServerApp] Saving file at /source/testcases/nobonus1.txt
[I 2021-11-09 20:01:05.712 ServerApp] Saving file at /source/testcases/nobonus1.txt
[I 2021-11-09 20:01:22.578 ServerApp] Saving file at /source/testcases/nobonus1.txt
[I 2021-11-09 20:01:26.223 ServerApp] Saving file at /source/testcases/nobonus1.txt
[I 2021-11-09 20:02:37.603 ServerApp] Saving file at /report/report-src/report-nobonus.ipynb
[I 2021-11-09 20:03:16.452 ServerApp] Saving file at /report/report-src/report-nobonus.ipynb
[I 2021-11-09 20:08:20.689 ServerApp] Saving file at /source/searching_algorithms.py
[I 2021-11-09 20:09:14.565 ServerApp] Saving file at /source/searching_algorithms.py
[I 2021-11-09 20:09:41.329 ServerApp] Saving file at /source/searching_algorithms.py
[I 2021-11-09 20:10:01.969 ServerApp] Saving file at /source/searching_algorithms.py
[I 2021-11-09 20:10:09.348 ServerApp] Saving file at /source/searching_algorithms.py
[I 2021-11-09 20:10:30.598 ServerApp] Saving file at /source/Queue.py
[I 2021-11-09 20:11:22.625 ServerApp] Saving file at /source/Queue.py
[I 2021-11-09 20:12:09.028 ServerApp] Saving file at /source/searching_algorithms.py
[I 2021-11-09 20:12:12.368 ServerApp] Saving file at /source/searching_algorithms.py
[I 2021-11-09 20:12:18.632 ServerApp] Saving file at /source/searching_algorithms.py
[I 2021-11-09 20:13:43.339 ServerApp] Saving file at /source/heuristic_func.py
[I 2021-11-09 20:13:56.020 ServerApp] Saving file at /source/heuristic_func.py
[I 2021-11-09 20:13:59.288 ServerApp] Saving file at /source/heuristic_func.py
[I 2021-11-09 20:14:18.669 ServerApp] Saving file at /source/searching_algorithms.py
[I 2021-11-09 20:14:48.367 ServerApp] Saving file at /source/heuristic_func.py
[I 2021-11-09 20:15:05.340 ServerApp] Saving file at /source/heuristic_func.py
[I 2021-11-09 20:17:36.008 ServerApp] Saving file at /source/searching_algorithms.py
[I 2021-11-09 20:18:47.819 ServerApp] Saving file at /source/searching_algorithms.py
[I 2021-11-09 20:19:50.693 ServerApp] Saving file at /source/searching_algorithms.py
[I 2021-11-09 20:20:44.343 ServerApp] Saving file at /source/searching_algorithms.py
[I 2021-11-09 20:21:05.163 ServerApp] Saving file at /source/searching_algorithms.py
[I 2021-11-09 20:21:25.172 ServerApp] Saving file at /source/searching_algorithms.py
[I 2021-11-09 20:21:46.893 ServerApp] Saving file at /source/searching_algorithms.py
[I 2021-11-09 20:22:30.084 ServerApp] Saving file at /source/searching_algorithms.py
[I 2021-11-09 20:22:42.409 ServerApp] Saving file at /source/searching_algorithms.py
[I 2021-11-09 20:23:25.441 ServerApp] Saving file at /source/searching_algorithms.py
[I 2021-11-09 20:23:31.181 ServerApp] Saving file at /source/searching_algorithms.py
[I 2021-11-09 20:23:55.465 ServerApp] Saving file at /source/searching_algorithms.py
[I 2021-11-09 20:24:22.784 ServerApp] Saving file at /source/searching_algorithms.py
[I 2021-11-09 20:26:03.411 ServerApp] Saving file at /source/searching_algorithms.py
[I 2021-11-09 20:26:11.110 ServerApp] Saving file at /source/searching_algorithms.py
[I 2021-11-09 20:26:16.791 ServerApp] Saving file at /source/searching_algorithms.py
[I 2021-11-09 20:26:19.740 ServerApp] Saving file at /source/searching_algorithms.py
[I 2021-11-09 20:27:09.965 ServerApp] Saving file at /source/searching_algorithms.py
[I 2021-11-09 20:28:11.238 ServerApp] Saving file at /source/searching_algorithms.py
[I 2021-11-09 20:28:30.357 ServerApp] Saving file at /source/searching_algorithms.py
[I 2021-11-09 20:29:18.608 ServerApp] Saving file at /source/searching_algorithms.py
[I 2021-11-09 20:29:53.550 ServerApp] Starting buffering for aab03a3c-5c26-4526-bb24-fd792ae04810:967499b6-0b40-4bc2-bd76-6a743943ad84
[I 2021-11-09 20:30:17.095 ServerApp] Saving file at /source/testcases/nobonus1.txt
[I 2021-11-09 20:30:18.819 ServerApp] Saving file at /source/testcases/nobonus1.txt
[I 2021-11-09 20:31:17.533 ServerApp] Saving file at /report/report-src/report-nobonus.ipynb
[I 2021-11-09 20:32:19.611 ServerApp] Creating new notebook in /report/report-src
[I 2021-11-09 20:32:19.918 ServerApp] Kernel started: 972bef4c-ed6e-436b-8f3e-19e0557f5381
[I 2021-11-09 20:32:47.453 ServerApp] Saving file at /report/report-src/report-summary.ipynb
[I 2021-11-09 20:34:47.525 ServerApp] Saving file at /report/report-src/report-summary.ipynb
[I 2021-11-09 20:36:48.518 ServerApp] Saving file at /report/report-src/report-summary.ipynb
[I 2021-11-09 20:38:49.527 ServerApp] Saving file at /report/report-src/report-summary.ipynb
[I 2021-11-09 20:47:30.465 ServerApp] Saving file at /report/report-src/report-summary.ipynb
[I 2021-11-09 20:47:37.460 ServerApp] Saving file at /report/report-src/report-cite.ipynb
[I 2021-11-09 20:47:58.319 ServerApp] Starting buffering for 972bef4c-ed6e-436b-8f3e-19e0557f5381:902f5437-7582-4d72-ae84-c8121a8e5d52
[I 2021-11-09 20:47:59.519 ServerApp] Starting buffering for ed131156-8d0c-4856-a307-d1b90b50610d:7d70f827-d389-4853-9a71-d3c9fe2ee9c8
[I 2021-11-09 20:48:01.757 ServerApp] Starting buffering for 58417303-4e01-45a2-9d4e-daf45135d90d:86a39af4-488c-4149-b6f6-475b358d6f37
[I 2021-11-09 20:49:09.899 ServerApp] Saving file at /source/searching_algorithms.py
[I 2021-11-09 20:49:34.530 ServerApp] Saving file at /source/searching_algorithms.py
[I 2021-11-09 20:49:42.309 ServerApp] Saving file at /source/searching_algorithms.py
[I 2021-11-09 20:50:15.899 ServerApp] Saving file at /source/searching_algorithms.py
[I 2021-11-09 20:51:06.701 ServerApp] Saving file at /source/searching_algorithms.py
[I 2021-11-09 20:51:07.922 ServerApp] Saving file at /source/searching_algorithms.py
[I 2021-11-09 20:51:31.345 ServerApp] Saving file at /source/searching_algorithms.py
[I 2021-11-09 20:52:46.493 ServerApp] Saving file at /source/searching_algorithms.py
[I 2021-11-09 20:53:05.020 ServerApp] Starting buffering for aab03a3c-5c26-4526-bb24-fd792ae04810:5f8fa48d-5a3f-415e-9246-28a72787a208
[I 2021-11-09 20:53:40.945 ServerApp] Saving file at /source/Queue.py
[I 2021-11-09 20:54:14.315 ServerApp] Saving file at /source/Graph.py
[I 2021-11-09 20:54:20.119 ServerApp] Saving file at /source/Graph.py
[I 2021-11-09 20:55:14.874 ServerApp] Saving file at /source/Graph.py
[I 2021-11-09 20:55:23.242 ServerApp] Saving file at /source/maze_preprocess.py
[I 2021-11-09 20:55:35.643 ServerApp] Kernel restarted: 58417303-4e01-45a2-9d4e-daf45135d90d
[I 2021-11-09 20:55:36.065 ServerApp] Starting buffering for 58417303-4e01-45a2-9d4e-daf45135d90d:a63bbfdd-a43e-40fd-b61c-94922cd89b1a
[I 2021-11-09 20:55:36.070 ServerApp] Restoring connection for 58417303-4e01-45a2-9d4e-daf45135d90d:a63bbfdd-a43e-40fd-b61c-94922cd89b1a
[I 2021-11-09 20:56:16.689 ServerApp] Saving file at /source/Graph.py
[I 2021-11-09 20:56:20.141 ServerApp] Kernel restarted: 58417303-4e01-45a2-9d4e-daf45135d90d
[I 2021-11-09 20:56:20.460 ServerApp] Starting buffering for 58417303-4e01-45a2-9d4e-daf45135d90d:a63bbfdd-a43e-40fd-b61c-94922cd89b1a
[I 2021-11-09 20:56:20.467 ServerApp] Restoring connection for 58417303-4e01-45a2-9d4e-daf45135d90d:a63bbfdd-a43e-40fd-b61c-94922cd89b1a
[I 2021-11-09 20:57:16.249 ServerApp] Saving file at /source/searching_algorithms.py
[I 2021-11-09 20:57:22.829 ServerApp] Kernel restarted: 58417303-4e01-45a2-9d4e-daf45135d90d
[I 2021-11-09 20:57:23.252 ServerApp] Starting buffering for 58417303-4e01-45a2-9d4e-daf45135d90d:a63bbfdd-a43e-40fd-b61c-94922cd89b1a
[I 2021-11-09 20:57:23.257 ServerApp] Restoring connection for 58417303-4e01-45a2-9d4e-daf45135d90d:a63bbfdd-a43e-40fd-b61c-94922cd89b1a
[I 2021-11-09 20:57:30.660 ServerApp] Saving file at /report/report-src/report-nobonus.ipynb
[I 2021-11-09 20:58:56.693 ServerApp] Saving file at /source/heuristic_func.py
[I 2021-11-09 20:58:59.651 ServerApp] Saving file at /report/report-src/report-nobonus.ipynb
[I 2021-11-09 20:59:01.220 ServerApp] Saving file at /report/report-src/report-cite.ipynb
[I 2021-11-09 20:59:04.382 ServerApp] Kernel restarted: 58417303-4e01-45a2-9d4e-daf45135d90d
[I 2021-11-09 20:59:04.702 ServerApp] Starting buffering for 58417303-4e01-45a2-9d4e-daf45135d90d:a63bbfdd-a43e-40fd-b61c-94922cd89b1a
[I 2021-11-09 20:59:04.713 ServerApp] Restoring connection for 58417303-4e01-45a2-9d4e-daf45135d90d:a63bbfdd-a43e-40fd-b61c-94922cd89b1a
[I 2021-11-09 20:59:54.591 ServerApp] Saving file at /source/heuristic_func.py
[I 2021-11-09 20:59:58.192 ServerApp] Saving file at /source/heuristic_func.py
[I 2021-11-09 20:59:58.881 ServerApp] Saving file at /source/heuristic_func.py
[I 2021-11-09 20:59:59.064 ServerApp] Saving file at /source/heuristic_func.py
[I 2021-11-09 20:59:59.243 ServerApp] Saving file at /source/heuristic_func.py
[I 2021-11-09 20:59:59.494 ServerApp] Saving file at /source/heuristic_func.py
[I 2021-11-09 21:00:33.072 ServerApp] Saving file at /source/searching_algorithms.py
[I 2021-11-09 21:00:39.166 ServerApp] Saving file at /source/searching_algorithms.py
[I 2021-11-09 21:00:41.623 ServerApp] Saving file at /source/searching_algorithms.py
[I 2021-11-09 21:00:46.848 ServerApp] Saving file at /source/searching_algorithms.py
[I 2021-11-09 21:00:53.032 ServerApp] Kernel restarted: 58417303-4e01-45a2-9d4e-daf45135d90d
[I 2021-11-09 21:00:53.351 ServerApp] Starting buffering for 58417303-4e01-45a2-9d4e-daf45135d90d:a63bbfdd-a43e-40fd-b61c-94922cd89b1a
[I 2021-11-09 21:00:53.356 ServerApp] Restoring connection for 58417303-4e01-45a2-9d4e-daf45135d90d:a63bbfdd-a43e-40fd-b61c-94922cd89b1a
[I 2021-11-09 21:00:59.762 ServerApp] Saving file at /report/report-src/report-nobonus.ipynb
[I 2021-11-09 21:01:20.130 ServerApp] Saving file at /source/searching_algorithms.py
[I 2021-11-09 21:01:21.713 ServerApp] Saving file at /source/searching_algorithms.py
[I 2021-11-09 21:01:34.096 ServerApp] Saving file at /source/searching_algorithms.py
[I 2021-11-09 21:01:46.329 ServerApp] Kernel restarted: 58417303-4e01-45a2-9d4e-daf45135d90d
[I 2021-11-09 21:01:46.649 ServerApp] Starting buffering for 58417303-4e01-45a2-9d4e-daf45135d90d:a63bbfdd-a43e-40fd-b61c-94922cd89b1a
[I 2021-11-09 21:01:46.655 ServerApp] Restoring connection for 58417303-4e01-45a2-9d4e-daf45135d90d:a63bbfdd-a43e-40fd-b61c-94922cd89b1a
[I 2021-11-09 21:01:54.160 ServerApp] Saving file at /report/report-src/report-nobonus.ipynb
[I 2021-11-09 21:03:54.253 ServerApp] Saving file at /report/report-src/report-nobonus.ipynb
[I 2021-11-09 21:04:16.967 ServerApp] Starting buffering for 12118aec-41da-4aa5-b47b-5b1ba5530f4d:690d2279-b03a-4308-bbfb-d26c247392e2
[I 2021-11-09 21:04:16.968 ServerApp] Starting buffering for ed131156-8d0c-4856-a307-d1b90b50610d:58c787eb-ab28-4209-a18c-f2ea0ca09e95
[I 2021-11-09 21:04:16.969 ServerApp] Starting buffering for 58417303-4e01-45a2-9d4e-daf45135d90d:a63bbfdd-a43e-40fd-b61c-94922cd89b1a
